#
# There is insufficient memory for the Java Runtime Environment to continue.
# Native memory allocation (malloc) failed to allocate 1806296 bytes. Error detail: Chunk::new
# Possible reasons:
#   The system is out of physical RAM or swap space
#   This process is running with CompressedOops enabled, and the Java Heap may be blocking the growth of the native heap
# Possible solutions:
#   Reduce memory load on the system
#   Increase physical memory or swap space
#   Check if swap backing store is full
#   Decrease Java heap size (-Xmx/-Xms)
#   Decrease number of Java threads
#   Decrease Java thread stack sizes (-Xss)
#   Set larger code cache with -XX:ReservedCodeCacheSize=
#   JVM is running with Unscaled Compressed Oops mode in which the Java heap is
#     placed in the first 4GB address space. The Java Heap base address is the
#     maximum limit for the native heap growth. Please use -XX:HeapBaseMinAddress
#     to set the Java Heap base and to place the Java Heap above 4GB virtual address.
# This output file may be truncated or incomplete.
#
#  Out of Memory Error (arena.cpp:186), pid=29212, tid=12812
#
# JRE version: OpenJDK Runtime Environment (25.0.1+8) (build 25.0.1+8-27)
# Java VM: OpenJDK 64-Bit Server VM (25.0.1+8-27, mixed mode, sharing, tiered, compressed oops, compressed class ptrs, g1 gc, windows-amd64)
# No core dump will be written. Minidumps are not enabled by default on client versions of Windows
#

---------------  S U M M A R Y ------------

Command Line: -javaagent:C:\Program Files\JetBrains\IntelliJ IDEA Community Edition 2025.2.5\lib\idea_rt.jar=51200 -Dfile.encoding=UTF-8 -Dsun.stdout.encoding=UTF-8 -Dsun.stderr.encoding=UTF-8 com.vinay.employeeManagementSystem.EmployeeManagementSystemApplication

Host: AMD Ryzen 5 5500U with Radeon Graphics         , 12 cores, 5G,  Windows 11 , 64 bit Build 26100 (10.0.26100.7309)
Time: Tue Dec 30 22:29:51 2025 India Standard Time elapsed time: 93468.410942 seconds (1d 1h 57m 48s)

---------------  T H R E A D  ---------------

Current thread (0x0000016521e61f80):  JavaThread "C2 CompilerThread0" daemon [_thread_in_native, id=12812, stack(0x000000589ab00000,0x000000589ac00000) (1024K)]


Current CompileTask:
C2:93468413 10404   !   4       java.util.concurrent.ThreadPoolExecutor::runWorker (187 bytes)

Stack: [0x000000589ab00000,0x000000589ac00000]
Native frames: (J=compiled Java code, j=interpreted, Vv=VM code, C=native code)
V  [jvm.dll+0x7a6b59]  (no source info available)
V  [jvm.dll+0x77290d]  (no source info available)
V  [jvm.dll+0x966153]  (no source info available)
V  [jvm.dll+0x968751]  (no source info available)
V  [jvm.dll+0x968e53]  (no source info available)
V  [jvm.dll+0x2fc756]  (no source info available)
V  [jvm.dll+0x111b26]  (no source info available)
V  [jvm.dll+0x111e4e]  (no source info available)
V  [jvm.dll+0x1a0a22]  (no source info available)
V  [jvm.dll+0x3b53c2]  (no source info available)
V  [jvm.dll+0x7ac4ef]  (no source info available)
V  [jvm.dll+0x2c0ac7]  (no source info available)
V  [jvm.dll+0x2bfa8f]  (no source info available)
V  [jvm.dll+0x237b60]  (no source info available)
V  [jvm.dll+0x2cfb56]  (no source info available)
V  [jvm.dll+0x2cddd5]  (no source info available)
V  [jvm.dll+0x48e6d1]  (no source info available)
V  [jvm.dll+0x906a0d]  (no source info available)
V  [jvm.dll+0x7a5135]  (no source info available)
C  [ucrtbase.dll+0x37b0]  (no source info available)
C  [KERNEL32.DLL+0x2e8d7]  (no source info available)
C  [ntdll.dll+0x8c53c]  (no source info available)

Lock stack of current Java thread (top to bottom):


---------------  P R O C E S S  ---------------

Threads class SMR info:
_java_thread_list=0x00000165296974b0, length=31, elements={
0x0000016521e3c850, 0x0000016521e3d2b0, 0x0000016521e41ff0, 0x0000016521e42bb0,
0x0000016521e43770, 0x0000016521e47390, 0x0000016521e61f80, 0x0000016521e6e480,
0x0000016526154280, 0x00000165260caae0, 0x000001652739c580, 0x000001652739ec90,
0x000001652739dcf0, 0x0000016521e4dd60, 0x0000016527ac3d50, 0x0000016527ac5c90,
0x000001652ae83ad0, 0x000001652ae85a10, 0x000001652ae842a0, 0x000001652ae85240,
0x000001652ae84a70, 0x000001652ae82b30, 0x000001652ae869b0, 0x000001652ae83300,
0x000001652ae88120, 0x000001652ae87950, 0x000001652ae91e40, 0x000001652ae8ff00,
0x000001652ae8f730, 0x0000016527abfed0, 0x0000016527abf700
}

Java Threads: ( => current thread )
  0x0000016521e3c850 JavaThread "Reference Handler"          daemon [_thread_blocked, id=10792, stack(0x000000589a500000,0x000000589a600000) (1024K)]
  0x0000016521e3d2b0 JavaThread "Finalizer"                  daemon [_thread_blocked, id=22444, stack(0x000000589a600000,0x000000589a700000) (1024K)]
  0x0000016521e41ff0 JavaThread "Signal Dispatcher"          daemon [_thread_blocked, id=4808, stack(0x000000589a700000,0x000000589a800000) (1024K)]
  0x0000016521e42bb0 JavaThread "Attach Listener"            daemon [_thread_blocked, id=4448, stack(0x000000589a800000,0x000000589a900000) (1024K)]
  0x0000016521e43770 JavaThread "Service Thread"             daemon [_thread_blocked, id=32368, stack(0x000000589a900000,0x000000589aa00000) (1024K)]
  0x0000016521e47390 JavaThread "Monitor Deflation Thread"   daemon [_thread_blocked, id=34236, stack(0x000000589aa00000,0x000000589ab00000) (1024K)]
=>0x0000016521e61f80 JavaThread "C2 CompilerThread0"         daemon [_thread_in_native, id=12812, stack(0x000000589ab00000,0x000000589ac00000) (1024K)]
  0x0000016521e6e480 JavaThread "C1 CompilerThread0"         daemon [_thread_blocked, id=10144, stack(0x000000589ac00000,0x000000589ad00000) (1024K)]
  0x0000016526154280 JavaThread "Common-Cleaner"             daemon [_thread_blocked, id=31380, stack(0x000000589ad00000,0x000000589ae00000) (1024K)]
  0x00000165260caae0 JavaThread "Notification Thread"        daemon [_thread_blocked, id=3548, stack(0x000000589b000000,0x000000589b100000) (1024K)]
  0x000001652739c580 JavaThread "Catalina-utility-1"                [_thread_blocked, id=24000, stack(0x000000589be00000,0x000000589bf00000) (1024K)]
  0x000001652739ec90 JavaThread "Catalina-utility-2"                [_thread_blocked, id=23976, stack(0x000000589bf00000,0x000000589c000000) (1024K)]
  0x000001652739dcf0 JavaThread "container-0"                       [_thread_blocked, id=31988, stack(0x000000589c000000,0x000000589c100000) (1024K)]
  0x0000016521e4dd60 JavaThread "mysql-cj-abandoned-connection-cleanup" daemon [_thread_blocked, id=21132, stack(0x000000589c100000,0x000000589c200000) (1024K)]
  0x0000016527ac3d50 JavaThread "HikariPool-1:housekeeper"   daemon [_thread_blocked, id=9164, stack(0x000000589c300000,0x000000589c400000) (1024K)]
  0x0000016527ac5c90 JavaThread "File Watcher"               daemon [_thread_blocked, id=26904, stack(0x000000589c500000,0x000000589c600000) (1024K)]
  0x000001652ae83ad0 JavaThread "http-nio-8080-exec-1"       daemon [_thread_blocked, id=29992, stack(0x000000589c600000,0x000000589c700000) (1024K)]
  0x000001652ae85a10 JavaThread "http-nio-8080-exec-2"       daemon [_thread_blocked, id=36712, stack(0x000000589c700000,0x000000589c800000) (1024K)]
  0x000001652ae842a0 JavaThread "http-nio-8080-exec-3"       daemon [_thread_blocked, id=19844, stack(0x000000589c800000,0x000000589c900000) (1024K)]
  0x000001652ae85240 JavaThread "http-nio-8080-exec-4"       daemon [_thread_blocked, id=24112, stack(0x000000589c900000,0x000000589ca00000) (1024K)]
  0x000001652ae84a70 JavaThread "http-nio-8080-exec-5"       daemon [_thread_blocked, id=33840, stack(0x000000589ca00000,0x000000589cb00000) (1024K)]
  0x000001652ae82b30 JavaThread "http-nio-8080-exec-6"       daemon [_thread_blocked, id=25268, stack(0x000000589cb00000,0x000000589cc00000) (1024K)]
  0x000001652ae869b0 JavaThread "http-nio-8080-exec-7"       daemon [_thread_blocked, id=24276, stack(0x000000589cc00000,0x000000589cd00000) (1024K)]
  0x000001652ae83300 JavaThread "http-nio-8080-exec-8"       daemon [_thread_blocked, id=34184, stack(0x000000589cd00000,0x000000589ce00000) (1024K)]
  0x000001652ae88120 JavaThread "http-nio-8080-exec-9"       daemon [_thread_blocked, id=24012, stack(0x000000589ce00000,0x000000589cf00000) (1024K)]
  0x000001652ae87950 JavaThread "http-nio-8080-exec-10"      daemon [_thread_blocked, id=36556, stack(0x000000589cf00000,0x000000589d000000) (1024K)]
  0x000001652ae91e40 JavaThread "http-nio-8080-Poller"       daemon [_thread_in_native, id=7052, stack(0x000000589d000000,0x000000589d100000) (1024K)]
  0x000001652ae8ff00 JavaThread "http-nio-8080-Acceptor"     daemon [_thread_in_native, id=30012, stack(0x000000589d100000,0x000000589d200000) (1024K)]
  0x000001652ae8f730 JavaThread "DestroyJavaVM"                     [_thread_blocked, id=34820, stack(0x0000005899d00000,0x0000005899e00000) (1024K)]
  0x0000016527abfed0 JavaThread "HikariPool-1:connection-closer" daemon [_thread_blocked, id=38336, stack(0x0000005899a00000,0x0000005899b00000) (1024K)]
  0x0000016527abf700 JavaThread "HikariPool-1:connection-adder" daemon [_thread_in_native, id=38604, stack(0x0000005899b00000,0x0000005899c00000) (1024K)]
Total: 31

Other Threads:
  0x0000016521e2f3a0 VMThread "VM Thread"                           [id=29528, stack(0x000000589a400000,0x000000589a500000) (1024K)]
  0x0000016521e1cf50 WatcherThread "VM Periodic Task Thread"        [id=7344, stack(0x000000589a300000,0x000000589a400000) (1024K)]
  0x00000165055c7750 WorkerThread "GC Thread#0"                     [id=25196, stack(0x0000005899e00000,0x0000005899f00000) (1024K)]
  0x0000016526ae0660 WorkerThread "GC Thread#1"                     [id=5332, stack(0x000000589b400000,0x000000589b500000) (1024K)]
  0x0000016526ae0f00 WorkerThread "GC Thread#2"                     [id=1332, stack(0x000000589b500000,0x000000589b600000) (1024K)]
  0x0000016526adf0d0 WorkerThread "GC Thread#3"                     [id=12388, stack(0x000000589b600000,0x000000589b700000) (1024K)]
  0x0000016527363290 WorkerThread "GC Thread#4"                     [id=25416, stack(0x000000589b700000,0x000000589b800000) (1024K)]
  0x0000016527361460 WorkerThread "GC Thread#5"                     [id=4692, stack(0x000000589b800000,0x000000589b900000) (1024K)]
  0x00000165273618b0 WorkerThread "GC Thread#6"                     [id=23740, stack(0x000000589b900000,0x000000589ba00000) (1024K)]
  0x000001652735fed0 WorkerThread "GC Thread#7"                     [id=29476, stack(0x000000589ba00000,0x000000589bb00000) (1024K)]
  0x0000016527363f80 WorkerThread "GC Thread#8"                     [id=32980, stack(0x000000589b300000,0x000000589b400000) (1024K)]
  0x0000016527360320 WorkerThread "GC Thread#9"                     [id=4324, stack(0x000000589bb00000,0x000000589bc00000) (1024K)]
  0x00000165055da300 ConcurrentGCThread "G1 Main Marker"            [id=2824, stack(0x0000005899f00000,0x000000589a000000) (1024K)]
  0x00000165055de6d0 WorkerThread "G1 Conc#0"                       [id=33820, stack(0x000000589a000000,0x000000589a100000) (1024K)]
  0x0000016527366200 WorkerThread "G1 Conc#1"                       [id=25516, stack(0x000000589bc00000,0x000000589bd00000) (1024K)]
  0x0000016527366650 WorkerThread "G1 Conc#2"                       [id=34468, stack(0x000000589bd00000,0x000000589be00000) (1024K)]
  0x0000016521cf0d50 ConcurrentGCThread "G1 Refine#0"               [id=27376, stack(0x000000589a100000,0x000000589a200000) (1024K)]
  0x0000016521cf1610 ConcurrentGCThread "G1 Service"                [id=4120, stack(0x000000589a200000,0x000000589a300000) (1024K)]
Total: 18

Threads with active compile tasks:
C2 CompilerThread0  93469172 10404   !   4       java.util.concurrent.ThreadPoolExecutor::runWorker (187 bytes)
Total: 1

VM state: not at safepoint (normal execution)

VM Mutex/Monitor currently owned by a thread: None

Heap address: 0x00000000a2600000, size: 1498 MB, Compressed Oops mode: 32-bit

CDS archive(s) mapped at: [0x0000000032000000-0x0000000032dd0000-0x0000000032dd0000), size 14483456, SharedBaseAddress: 0x0000000032000000, ArchiveRelocationMode: 1.
Compressed class space mapped at: 0x0000000033000000-0x0000000073000000, reserved size: 1073741824
UseCompressedClassPointers 1, UseCompactObjectHeaders 0
Narrow klass pointer bits 32, Max shift 3
Narrow klass base: 0x0000000032000000, Narrow klass shift: 0
Encoding Range: [0x0000000032000000 - 0x0000000132000000), (4294967296 bytes)
Klass Range:    [0x0000000032010000 - 0x0000000073000000), (1090453504 bytes)
Klass ID Range:  [65536 - 1090519033) (1090453497)
Protection zone: [0x0000000032000000 - 0x0000000032010000), (65536 bytes)

GC Precious Log:
 CardTable entry size: 512
 Card Set container configuration: InlinePtr #cards 5 size 8 Array Of Cards #cards 10 size 36 Howl #buckets 4 coarsen threshold 1843 Howl Bitmap #cards 512 size 80 coarsen threshold 460 Card regions per heap region 1 cards per card region 2048
 CPUs: 12 total, 12 available
 Memory: 5989M
 Large Page Support: Disabled
 NUMA Support: Disabled
 Compressed Oops: Enabled (32-bit)
 Heap Region Size: 1M
 Heap Min Capacity: 8M
 Heap Initial Capacity: 94M
 Heap Max Capacity: 1498M
 Pre-touch: Disabled
 Parallel Workers: 10
 Concurrent Workers: 3
 Concurrent Refinement Workers: 10
 Periodic GC: Disabled

Heap:
 garbage-first heap   total reserved 1533952K, committed 73728K, used 53326K [0x00000000a2600000, 0x0000000100000000)
  region size 1024K, 23 young (23552K), 2 survivors (2048K)

Heap Regions: E=young(eden), S=young(survivor), O=old, HS=humongous(starts), HC=humongous(continues), CS=collection set, F=free, TAMS=top-at-mark-start, PB=parsable bottom
|   0|0x00000000a2600000, 0x00000000a2700000, 0x00000000a2700000|100%|HS|  |TAMS 0x00000000a2600000| PB 0x00000000a2600000| Complete |  0
|   1|0x00000000a2700000, 0x00000000a2800000, 0x00000000a2800000|100%|HS|  |TAMS 0x00000000a2700000| PB 0x00000000a2700000| Complete |  0
|   2|0x00000000a2800000, 0x00000000a2900000, 0x00000000a2900000|100%| O|  |TAMS 0x00000000a2800000| PB 0x00000000a2800000| Untracked |  0
|   3|0x00000000a2900000, 0x00000000a2a00000, 0x00000000a2a00000|100%| O|  |TAMS 0x00000000a2900000| PB 0x00000000a2900000| Untracked |  0
|   4|0x00000000a2a00000, 0x00000000a2b00000, 0x00000000a2b00000|100%| O|  |TAMS 0x00000000a2a00000| PB 0x00000000a2a00000| Untracked |  0
|   5|0x00000000a2b00000, 0x00000000a2c00000, 0x00000000a2c00000|100%| O|  |TAMS 0x00000000a2b00000| PB 0x00000000a2b00000| Untracked |  0
|   6|0x00000000a2c00000, 0x00000000a2d00000, 0x00000000a2d00000|100%| O|  |TAMS 0x00000000a2c00000| PB 0x00000000a2c00000| Untracked |  0
|   7|0x00000000a2d00000, 0x00000000a2e00000, 0x00000000a2e00000|100%| O|  |TAMS 0x00000000a2d00000| PB 0x00000000a2d00000| Untracked |  0
|   8|0x00000000a2e00000, 0x00000000a2f00000, 0x00000000a2f00000|100%| O|  |TAMS 0x00000000a2e00000| PB 0x00000000a2e00000| Untracked |  0
|   9|0x00000000a2f00000, 0x00000000a3000000, 0x00000000a3000000|100%| O|  |TAMS 0x00000000a2f00000| PB 0x00000000a2f00000| Untracked |  0
|  10|0x00000000a3000000, 0x00000000a3100000, 0x00000000a3100000|100%| O|  |TAMS 0x00000000a3000000| PB 0x00000000a3000000| Untracked |  0
|  11|0x00000000a3100000, 0x00000000a3200000, 0x00000000a3200000|100%| O|  |TAMS 0x00000000a3100000| PB 0x00000000a3100000| Untracked |  0
|  12|0x00000000a3200000, 0x00000000a3300000, 0x00000000a3300000|100%| O|  |TAMS 0x00000000a3200000| PB 0x00000000a3200000| Untracked |  0
|  13|0x00000000a3300000, 0x00000000a3400000, 0x00000000a3400000|100%| O|  |TAMS 0x00000000a3300000| PB 0x00000000a3300000| Untracked |  0
|  14|0x00000000a3400000, 0x00000000a3500000, 0x00000000a3500000|100%| O|  |TAMS 0x00000000a3400000| PB 0x00000000a3400000| Untracked |  0
|  15|0x00000000a3500000, 0x00000000a3600000, 0x00000000a3600000|100%| O|  |TAMS 0x00000000a3500000| PB 0x00000000a3500000| Untracked |  0
|  16|0x00000000a3600000, 0x00000000a3700000, 0x00000000a3700000|100%| O|  |TAMS 0x00000000a3600000| PB 0x00000000a3600000| Untracked |  0
|  17|0x00000000a3700000, 0x00000000a3800000, 0x00000000a3800000|100%| O|  |TAMS 0x00000000a3700000| PB 0x00000000a3700000| Untracked |  0
|  18|0x00000000a3800000, 0x00000000a3900000, 0x00000000a3900000|100%| O|  |TAMS 0x00000000a3800000| PB 0x00000000a3800000| Untracked |  0
|  19|0x00000000a3900000, 0x00000000a39dfa60, 0x00000000a3a00000| 87%| O|  |TAMS 0x00000000a3900000| PB 0x00000000a3900000| Untracked |  0
|  20|0x00000000a3a00000, 0x00000000a3b00000, 0x00000000a3b00000|100%| O|  |TAMS 0x00000000a3a00000| PB 0x00000000a3a00000| Untracked |  0
|  21|0x00000000a3b00000, 0x00000000a3c00000, 0x00000000a3c00000|100%| O|Cm|TAMS 0x00000000a3b00000| PB 0x00000000a3b00000| Complete |  0
|  22|0x00000000a3c00000, 0x00000000a3c00000, 0x00000000a3d00000|  0%| F|  |TAMS 0x00000000a3c00000| PB 0x00000000a3c00000| Untracked |  0
|  23|0x00000000a3d00000, 0x00000000a3e00000, 0x00000000a3e00000|100%| O|  |TAMS 0x00000000a3d00000| PB 0x00000000a3d00000| Untracked |  0
|  24|0x00000000a3e00000, 0x00000000a3f00000, 0x00000000a3f00000|100%| O|  |TAMS 0x00000000a3e00000| PB 0x00000000a3e00000| Untracked |  0
|  25|0x00000000a3f00000, 0x00000000a3f00000, 0x00000000a4000000|  0%| F|  |TAMS 0x00000000a3f00000| PB 0x00000000a3f00000| Untracked |  0
|  26|0x00000000a4000000, 0x00000000a4100000, 0x00000000a4100000|100%| O|Cm|TAMS 0x00000000a4000000| PB 0x00000000a4000000| Complete |  0
|  27|0x00000000a4100000, 0x00000000a4200000, 0x00000000a4200000|100%| O|  |TAMS 0x00000000a4100000| PB 0x00000000a4100000| Untracked |  0
|  28|0x00000000a4200000, 0x00000000a4200000, 0x00000000a4300000|  0%| F|  |TAMS 0x00000000a4200000| PB 0x00000000a4200000| Untracked |  0
|  29|0x00000000a4300000, 0x00000000a4334050, 0x00000000a4400000| 20%| S|CS|TAMS 0x00000000a4300000| PB 0x00000000a4300000| Complete |  0
|  30|0x00000000a4400000, 0x00000000a4500000, 0x00000000a4500000|100%| S|CS|TAMS 0x00000000a4400000| PB 0x00000000a4400000| Complete |  0
|  31|0x00000000a4500000, 0x00000000a4500000, 0x00000000a4600000|  0%| F|  |TAMS 0x00000000a4500000| PB 0x00000000a4500000| Untracked |  0
|  32|0x00000000a4600000, 0x00000000a4700000, 0x00000000a4700000|100%| O|  |TAMS 0x00000000a4600000| PB 0x00000000a4600000| Untracked |  0
|  33|0x00000000a4700000, 0x00000000a4700000, 0x00000000a4800000|  0%| F|  |TAMS 0x00000000a4700000| PB 0x00000000a4700000| Untracked |  0
|  34|0x00000000a4800000, 0x00000000a4800000, 0x00000000a4900000|  0%| F|  |TAMS 0x00000000a4800000| PB 0x00000000a4800000| Untracked |  0
|  35|0x00000000a4900000, 0x00000000a4900000, 0x00000000a4a00000|  0%| F|  |TAMS 0x00000000a4900000| PB 0x00000000a4900000| Untracked |  0
|  36|0x00000000a4a00000, 0x00000000a4b00000, 0x00000000a4b00000|100%| O|  |TAMS 0x00000000a4a00000| PB 0x00000000a4a00000| Untracked |  0
|  37|0x00000000a4b00000, 0x00000000a4b00000, 0x00000000a4c00000|  0%| F|  |TAMS 0x00000000a4b00000| PB 0x00000000a4b00000| Untracked |  0
|  38|0x00000000a4c00000, 0x00000000a4d00000, 0x00000000a4d00000|100%| O|  |TAMS 0x00000000a4c00000| PB 0x00000000a4c00000| Untracked |  0
|  39|0x00000000a4d00000, 0x00000000a4e00000, 0x00000000a4e00000|100%| O|  |TAMS 0x00000000a4d00000| PB 0x00000000a4d00000| Untracked |  0
|  40|0x00000000a4e00000, 0x00000000a4e00000, 0x00000000a4f00000|  0%| F|  |TAMS 0x00000000a4e00000| PB 0x00000000a4e00000| Untracked |  0
|  41|0x00000000a4f00000, 0x00000000a4f00000, 0x00000000a5000000|  0%| F|  |TAMS 0x00000000a4f00000| PB 0x00000000a4f00000| Untracked |  0
|  42|0x00000000a5000000, 0x00000000a5000000, 0x00000000a5100000|  0%| F|  |TAMS 0x00000000a5000000| PB 0x00000000a5000000| Untracked |  0
|  43|0x00000000a5100000, 0x00000000a5100000, 0x00000000a5200000|  0%| F|  |TAMS 0x00000000a5100000| PB 0x00000000a5100000| Untracked |  0
|  44|0x00000000a5200000, 0x00000000a5200000, 0x00000000a5300000|  0%| F|  |TAMS 0x00000000a5200000| PB 0x00000000a5200000| Untracked |  0
|  45|0x00000000a5300000, 0x00000000a5300000, 0x00000000a5400000|  0%| F|  |TAMS 0x00000000a5300000| PB 0x00000000a5300000| Untracked |  0
|  46|0x00000000a5400000, 0x00000000a5400000, 0x00000000a5500000|  0%| F|  |TAMS 0x00000000a5400000| PB 0x00000000a5400000| Untracked |  0
|  47|0x00000000a5500000, 0x00000000a5500000, 0x00000000a5600000|  0%| F|  |TAMS 0x00000000a5500000| PB 0x00000000a5500000| Untracked |  0
|  48|0x00000000a5600000, 0x00000000a5600000, 0x00000000a5700000|  0%| F|  |TAMS 0x00000000a5600000| PB 0x00000000a5600000| Untracked |  0
|  49|0x00000000a5700000, 0x00000000a5700000, 0x00000000a5800000|  0%| F|  |TAMS 0x00000000a5700000| PB 0x00000000a5700000| Untracked |  0
|  50|0x00000000a5800000, 0x00000000a58bfcd0, 0x00000000a5900000| 74%| E|  |TAMS 0x00000000a5800000| PB 0x00000000a5800000| Complete |  0
|  51|0x00000000a5900000, 0x00000000a5a00000, 0x00000000a5a00000|100%| E|CS|TAMS 0x00000000a5900000| PB 0x00000000a5900000| Complete |  0
|  52|0x00000000a5a00000, 0x00000000a5b00000, 0x00000000a5b00000|100%| E|CS|TAMS 0x00000000a5a00000| PB 0x00000000a5a00000| Complete |  0
|  53|0x00000000a5b00000, 0x00000000a5c00000, 0x00000000a5c00000|100%| E|CS|TAMS 0x00000000a5b00000| PB 0x00000000a5b00000| Complete |  0
|  54|0x00000000a5c00000, 0x00000000a5d00000, 0x00000000a5d00000|100%| E|CS|TAMS 0x00000000a5c00000| PB 0x00000000a5c00000| Complete |  0
|  55|0x00000000a5d00000, 0x00000000a5e00000, 0x00000000a5e00000|100%| E|CS|TAMS 0x00000000a5d00000| PB 0x00000000a5d00000| Complete |  0
|  56|0x00000000a5e00000, 0x00000000a5f00000, 0x00000000a5f00000|100%| E|CS|TAMS 0x00000000a5e00000| PB 0x00000000a5e00000| Complete |  0
|  57|0x00000000a5f00000, 0x00000000a6000000, 0x00000000a6000000|100%| E|CS|TAMS 0x00000000a5f00000| PB 0x00000000a5f00000| Complete |  0
|  58|0x00000000a6000000, 0x00000000a6100000, 0x00000000a6100000|100%| E|CS|TAMS 0x00000000a6000000| PB 0x00000000a6000000| Complete |  0
|  59|0x00000000a6100000, 0x00000000a6200000, 0x00000000a6200000|100%| E|CS|TAMS 0x00000000a6100000| PB 0x00000000a6100000| Complete |  0
|  60|0x00000000a6200000, 0x00000000a6300000, 0x00000000a6300000|100%| E|CS|TAMS 0x00000000a6200000| PB 0x00000000a6200000| Complete |  0
|  61|0x00000000a6300000, 0x00000000a6400000, 0x00000000a6400000|100%| E|CS|TAMS 0x00000000a6300000| PB 0x00000000a6300000| Complete |  0
|  62|0x00000000a6400000, 0x00000000a6500000, 0x00000000a6500000|100%| E|CS|TAMS 0x00000000a6400000| PB 0x00000000a6400000| Complete |  0
|  63|0x00000000a6500000, 0x00000000a6600000, 0x00000000a6600000|100%| E|CS|TAMS 0x00000000a6500000| PB 0x00000000a6500000| Complete |  0
|  64|0x00000000a6600000, 0x00000000a6700000, 0x00000000a6700000|100%| E|CS|TAMS 0x00000000a6600000| PB 0x00000000a6600000| Complete |  0
|  78|0x00000000a7400000, 0x00000000a7500000, 0x00000000a7500000|100%| E|CS|TAMS 0x00000000a7400000| PB 0x00000000a7400000| Complete |  0
|  79|0x00000000a7500000, 0x00000000a7600000, 0x00000000a7600000|100%| E|CS|TAMS 0x00000000a7500000| PB 0x00000000a7500000| Complete |  0
|  80|0x00000000a7600000, 0x00000000a7700000, 0x00000000a7700000|100%| E|CS|TAMS 0x00000000a7600000| PB 0x00000000a7600000| Complete |  0
|  93|0x00000000a8300000, 0x00000000a8400000, 0x00000000a8400000|100%| E|CS|TAMS 0x00000000a8300000| PB 0x00000000a8300000| Complete |  0
|1495|0x00000000ffd00000, 0x00000000ffe00000, 0x00000000ffe00000|100%| E|CS|TAMS 0x00000000ffd00000| PB 0x00000000ffd00000| Complete |  0
|1496|0x00000000ffe00000, 0x00000000fff00000, 0x00000000fff00000|100%| O|  |TAMS 0x00000000ffe00000| PB 0x00000000ffe00000| Untracked |  0
|1497|0x00000000fff00000, 0x0000000100000000, 0x0000000100000000|100%| E|CS|TAMS 0x00000000fff00000| PB 0x00000000fff00000| Complete |  0

Card table byte_map: [0x000001651d740000,0x000001651da30000] _byte_map_base: 0x000001651d22d000

Marking Bits: (CMBitMap*) 0x00000165055c7ee0
 Bits: [0x000001651da30000, 0x000001651f198000)

Polling page: 0x0000016504d40000

Metaspace:
Metaspace        used 82381K, committed 83008K, reserved 1179648K
 class space     used 9018K, committed 9280K, reserved 1048576K

Usage:
  Non-class:     71.64 MB used.
      Class:      8.81 MB used.
       Both:     80.45 MB used.

Virtual space:
  Non-class space:      128.00 MB reserved,      72.00 MB ( 56%) committed,  2 nodes.
      Class space:        1.00 GB reserved,       9.06 MB ( <1%) committed,  1 nodes.
             Both:        1.12 GB reserved,      81.06 MB (  7%) committed. 

Chunk freelists:
   Non-Class:  8.14 MB
       Class:  6.85 MB
        Both:  14.99 MB

MaxMetaspaceSize: unlimited
CompressedClassSpaceSize: 1.00 GB
Initial GC threshold: 21.00 MB
Current GC threshold: 135.12 MB
CDS: on
 - commit_granule_bytes: 65536.
 - commit_granule_words: 8192.
 - virtual_space_node_default_size: 8388608.
 - enlarge_chunks_in_place: 1.
UseCompressedClassPointers 1, UseCompactObjectHeaders 0
Narrow klass pointer bits 32, Max shift 3
Narrow klass base: 0x0000000032000000, Narrow klass shift: 0
Encoding Range: [0x0000000032000000 - 0x0000000132000000), (4294967296 bytes)
Klass Range:    [0x0000000032010000 - 0x0000000073000000), (1090453504 bytes)
Klass ID Range:  [65536 - 1090519033) (1090453497)
Protection zone: [0x0000000032000000 - 0x0000000032010000), (65536 bytes)


Internal statistics:

num_allocs_failed_limit: 12.
num_arena_births: 728.
num_arena_deaths: 194.
num_vsnodes_births: 3.
num_vsnodes_deaths: 0.
num_space_committed: 1297.
num_space_uncommitted: 0.
num_chunks_returned_to_freelist: 216.
num_chunks_taken_from_freelist: 3520.
num_chunk_merges: 51.
num_chunk_splits: 2606.
num_chunks_enlarged: 2190.
num_inconsistent_stats: 0.

CodeHeap 'non-profiled nmethods': size=120064Kb used=2297Kb max_used=3615Kb free=117766Kb
 bounds [0x00000165158b0000, 0x0000016515c40000, 0x000001651cdf0000]
CodeHeap 'profiled nmethods': size=120000Kb used=3951Kb max_used=11890Kb free=116048Kb
 bounds [0x000001650ddf0000, 0x000001650e990000, 0x0000016515320000]
CodeHeap 'non-nmethods': size=5696Kb used=1667Kb max_used=1780Kb free=4028Kb
 bounds [0x0000016515320000, 0x0000016515590000, 0x00000165158b0000]
CodeCache: size=245760Kb, used=7915Kb, max_used=17285Kb, free=237842Kb
 total_blobs=3789, nmethods=3012, adapters=679, full_count=0
Compilation: enabled, stopped_count=0, restarted_count=0

Compilation events (20 events):
Event: 86691.735 Thread 0x0000016521e6e480 nmethod 10395 0x000001650e17f708 code [0x000001650e17f800, 0x000001650e17fb90]
Event: 86887.461 Thread 0x0000016521e6e480 10396       3       java.util.UUID::randomUUID (63 bytes)
Event: 86887.463 Thread 0x0000016521e6e480 nmethod 10396 0x000001650e0d6788 code [0x000001650e0d6880, 0x000001650e0d6b28]
Event: 86887.463 Thread 0x0000016521e6e480 10398       3       java.util.HashMap$EntrySpliterator::forEachRemaining (183 bytes)
Event: 86887.468 Thread 0x0000016521e6e480 nmethod 10398 0x000001650deb6588 code [0x000001650deb6680, 0x000001650deb6e10]
Event: 86887.468 Thread 0x0000016521e6e480 10397   !   3       java.net.URLDecoder::decode (38 bytes)
Event: 86887.472 Thread 0x0000016521e61f80 10399       4       java.nio.MappedByteBuffer::position (8 bytes)
Event: 86887.475 Thread 0x0000016521e6e480 nmethod 10397 0x000001650e488988 code [0x000001650e488a80, 0x000001650e489110]
Event: 86887.475 Thread 0x0000016521e6e480 10400   !   3       java.security.KeyFactory::nextSpi (130 bytes)
Event: 86887.480 Thread 0x0000016521e61f80 nmethod 10399 0x0000016515910788 code [0x0000016515910880, 0x0000016515910968]
Event: 86887.483 Thread 0x0000016521e6e480 nmethod 10400 0x000001650e091288 code [0x000001650e091380, 0x000001650e092018]
Event: 86887.483 Thread 0x0000016521e6e480 10401       3       com.mysql.cj.jdbc.DatabaseMetaData::storesLowerCaseIdentifiers (10 bytes)
Event: 86887.487 Thread 0x0000016521e6e480 nmethod 10401 0x000001650e1a7408 code [0x000001650e1a7500, 0x000001650e1a7898]
Event: 86887.487 Thread 0x0000016521e6e480 10402       3       java.util.concurrent.ScheduledThreadPoolExecutor::scheduleWithFixedDelay (90 bytes)
Event: 86887.489 Thread 0x0000016521e6e480 nmethod 10402 0x000001650e0ae108 code [0x000001650e0ae200, 0x000001650e0ae928]
Event: 93465.220 Thread 0x0000016521e61f80 10403       4       java.util.concurrent.TimeUnit::convert (73 bytes)
Event: 93465.483 Thread 0x0000016521e61f80 nmethod 10403 0x000001651593e908 code [0x000001651593ea00, 0x000001651593ec40]
Event: 93465.496 Thread 0x0000016521e61f80 10404   !   4       java.util.concurrent.ThreadPoolExecutor::runWorker (187 bytes)
Event: 93467.238 Thread 0x0000016521e6e480 10405       3       com.zaxxer.hikari.util.FastList::remove (77 bytes)
Event: 93467.270 Thread 0x0000016521e6e480 nmethod 10405 0x000001650dee2108 code [0x000001650dee2200, 0x000001650dee26b8]

GC Heap Usage History (20 events):
Event: 69091.843 {heap Before GC invocations=29 (full 0):
 garbage-first heap   total reserved 1533952K, committed 73728K, used 58900K [0x00000000a2600000, 0x0000000100000000)
  region size 1024K, 26 young (26624K), 1 survivors (1024K)
}
Event: 69091.907 {heap After GC invocations=30 (full 0):
 garbage-first heap   total reserved 1533952K, committed 73728K, used 33687K [0x00000000a2600000, 0x0000000100000000)
  region size 1024K, 1 young (1024K), 1 survivors (1024K)
}
Event: 70385.779 {heap Before GC invocations=31 (full 0):
 garbage-first heap   total reserved 1533952K, committed 73728K, used 56215K [0x00000000a2600000, 0x0000000100000000)
  region size 1024K, 24 young (24576K), 1 survivors (1024K)
}
Event: 70385.840 {heap After GC invocations=32 (full 0):
 garbage-first heap   total reserved 1533952K, committed 73728K, used 34051K [0x00000000a2600000, 0x0000000100000000)
  region size 1024K, 1 young (1024K), 1 survivors (1024K)
}
Event: 72351.905 {heap Before GC invocations=32 (full 0):
 garbage-first heap   total reserved 1533952K, committed 73728K, used 67843K [0x00000000a2600000, 0x0000000100000000)
  region size 1024K, 34 young (34816K), 1 survivors (1024K)
}
Event: 72352.023 {heap After GC invocations=33 (full 0):
 garbage-first heap   total reserved 1533952K, committed 73728K, used 33523K [0x00000000a2600000, 0x0000000100000000)
  region size 1024K, 2 young (2048K), 2 survivors (2048K)
}
Event: 74281.729 {heap Before GC invocations=33 (full 0):
 garbage-first heap   total reserved 1533952K, committed 73728K, used 67315K [0x00000000a2600000, 0x0000000100000000)
  region size 1024K, 35 young (35840K), 2 survivors (2048K)
}
Event: 74281.839 {heap After GC invocations=34 (full 0):
 garbage-first heap   total reserved 1533952K, committed 73728K, used 33538K [0x00000000a2600000, 0x0000000100000000)
  region size 1024K, 2 young (2048K), 2 survivors (2048K)
}
Event: 76235.885 {heap Before GC invocations=35 (full 0):
 garbage-first heap   total reserved 1533952K, committed 73728K, used 67330K [0x00000000a2600000, 0x0000000100000000)
  region size 1024K, 35 young (35840K), 2 survivors (2048K)
}
Event: 76235.965 {heap After GC invocations=36 (full 0):
 garbage-first heap   total reserved 1533952K, committed 73728K, used 33451K [0x00000000a2600000, 0x0000000100000000)
  region size 1024K, 1 young (1024K), 1 survivors (1024K)
}
Event: 78134.939 {heap Before GC invocations=36 (full 0):
 garbage-first heap   total reserved 1533952K, committed 73728K, used 68267K [0x00000000a2600000, 0x0000000100000000)
  region size 1024K, 35 young (35840K), 1 survivors (1024K)
}
Event: 78135.097 {heap After GC invocations=37 (full 0):
 garbage-first heap   total reserved 1533952K, committed 73728K, used 33250K [0x00000000a2600000, 0x0000000100000000)
  region size 1024K, 2 young (2048K), 2 survivors (2048K)
}
Event: 80076.134 {heap Before GC invocations=37 (full 0):
 garbage-first heap   total reserved 1533952K, committed 73728K, used 67042K [0x00000000a2600000, 0x0000000100000000)
  region size 1024K, 35 young (35840K), 2 survivors (2048K)
}
Event: 80076.264 {heap After GC invocations=38 (full 0):
 garbage-first heap   total reserved 1533952K, committed 73728K, used 33150K [0x00000000a2600000, 0x0000000100000000)
  region size 1024K, 2 young (2048K), 2 survivors (2048K)
}
Event: 81983.421 {heap Before GC invocations=39 (full 0):
 garbage-first heap   total reserved 1533952K, committed 73728K, used 66942K [0x00000000a2600000, 0x0000000100000000)
  region size 1024K, 35 young (35840K), 2 survivors (2048K)
}
Event: 81983.482 {heap After GC invocations=40 (full 0):
 garbage-first heap   total reserved 1533952K, committed 73728K, used 33177K [0x00000000a2600000, 0x0000000100000000)
  region size 1024K, 2 young (2048K), 2 survivors (2048K)
}
Event: 83885.978 {heap Before GC invocations=40 (full 0):
 garbage-first heap   total reserved 1533952K, committed 73728K, used 66969K [0x00000000a2600000, 0x0000000100000000)
  region size 1024K, 35 young (35840K), 2 survivors (2048K)
}
Event: 83886.057 {heap After GC invocations=41 (full 0):
 garbage-first heap   total reserved 1533952K, committed 73728K, used 32804K [0x00000000a2600000, 0x0000000100000000)
  region size 1024K, 2 young (2048K), 2 survivors (2048K)
}
Event: 85762.328 {heap Before GC invocations=41 (full 0):
 garbage-first heap   total reserved 1533952K, committed 73728K, used 67620K [0x00000000a2600000, 0x0000000100000000)
  region size 1024K, 36 young (36864K), 2 survivors (2048K)
}
Event: 85762.375 {heap After GC invocations=42 (full 0):
 garbage-first heap   total reserved 1533952K, committed 73728K, used 32846K [0x00000000a2600000, 0x0000000100000000)
  region size 1024K, 2 young (2048K), 2 survivors (2048K)
}

Metaspace Usage History (20 events):
Event: 69091.844 {metaspace Before GC invocations=29 (full 0):
 Metaspace       used 82157K, committed 82816K, reserved 1179648K
  class space    used 9020K, committed 9280K, reserved 1048576K
}
Event: 69091.907 {metaspace After GC invocations=30 (full 0):
 Metaspace       used 82157K, committed 82816K, reserved 1179648K
  class space    used 9020K, committed 9280K, reserved 1048576K
}
Event: 70385.781 {metaspace Before GC invocations=31 (full 0):
 Metaspace       used 82170K, committed 82880K, reserved 1179648K
  class space    used 9018K, committed 9280K, reserved 1048576K
}
Event: 70385.840 {metaspace After GC invocations=32 (full 0):
 Metaspace       used 82170K, committed 82880K, reserved 1179648K
  class space    used 9018K, committed 9280K, reserved 1048576K
}
Event: 72351.907 {metaspace Before GC invocations=32 (full 0):
 Metaspace       used 82174K, committed 82880K, reserved 1179648K
  class space    used 9018K, committed 9280K, reserved 1048576K
}
Event: 72352.023 {metaspace After GC invocations=33 (full 0):
 Metaspace       used 82174K, committed 82880K, reserved 1179648K
  class space    used 9018K, committed 9280K, reserved 1048576K
}
Event: 74281.730 {metaspace Before GC invocations=33 (full 0):
 Metaspace       used 82202K, committed 82880K, reserved 1179648K
  class space    used 9018K, committed 9280K, reserved 1048576K
}
Event: 74281.839 {metaspace After GC invocations=34 (full 0):
 Metaspace       used 82202K, committed 82880K, reserved 1179648K
  class space    used 9018K, committed 9280K, reserved 1048576K
}
Event: 76235.886 {metaspace Before GC invocations=35 (full 0):
 Metaspace       used 82210K, committed 82880K, reserved 1179648K
  class space    used 9018K, committed 9280K, reserved 1048576K
}
Event: 76235.965 {metaspace After GC invocations=36 (full 0):
 Metaspace       used 82210K, committed 82880K, reserved 1179648K
  class space    used 9018K, committed 9280K, reserved 1048576K
}
Event: 78134.940 {metaspace Before GC invocations=36 (full 0):
 Metaspace       used 82274K, committed 82944K, reserved 1179648K
  class space    used 9018K, committed 9280K, reserved 1048576K
}
Event: 78135.097 {metaspace After GC invocations=37 (full 0):
 Metaspace       used 82274K, committed 82944K, reserved 1179648K
  class space    used 9018K, committed 9280K, reserved 1048576K
}
Event: 80076.136 {metaspace Before GC invocations=37 (full 0):
 Metaspace       used 82293K, committed 82944K, reserved 1179648K
  class space    used 9018K, committed 9280K, reserved 1048576K
}
Event: 80076.264 {metaspace After GC invocations=38 (full 0):
 Metaspace       used 82293K, committed 82944K, reserved 1179648K
  class space    used 9018K, committed 9280K, reserved 1048576K
}
Event: 81983.422 {metaspace Before GC invocations=39 (full 0):
 Metaspace       used 82308K, committed 82944K, reserved 1179648K
  class space    used 9018K, committed 9280K, reserved 1048576K
}
Event: 81983.482 {metaspace After GC invocations=40 (full 0):
 Metaspace       used 82308K, committed 82944K, reserved 1179648K
  class space    used 9018K, committed 9280K, reserved 1048576K
}
Event: 83885.979 {metaspace Before GC invocations=40 (full 0):
 Metaspace       used 82331K, committed 83008K, reserved 1179648K
  class space    used 9018K, committed 9280K, reserved 1048576K
}
Event: 83886.057 {metaspace After GC invocations=41 (full 0):
 Metaspace       used 82331K, committed 83008K, reserved 1179648K
  class space    used 9018K, committed 9280K, reserved 1048576K
}
Event: 85762.329 {metaspace Before GC invocations=41 (full 0):
 Metaspace       used 82342K, committed 83008K, reserved 1179648K
  class space    used 9018K, committed 9280K, reserved 1048576K
}
Event: 85762.375 {metaspace After GC invocations=42 (full 0):
 Metaspace       used 82342K, committed 83008K, reserved 1179648K
  class space    used 9018K, committed 9280K, reserved 1048576K
}

Dll operation events (11 events):
Event: 0.020 Loaded shared library C:\Users\vinay\.jdks\openjdk-25.0.1\bin\java.dll
Event: 0.182 Loaded shared library C:\Users\vinay\.jdks\openjdk-25.0.1\bin\zip.dll
Event: 0.186 Loaded shared library C:\Users\vinay\.jdks\openjdk-25.0.1\bin\instrument.dll
Event: 0.192 Loaded shared library C:\Users\vinay\.jdks\openjdk-25.0.1\bin\net.dll
Event: 0.195 Loaded shared library C:\Users\vinay\.jdks\openjdk-25.0.1\bin\nio.dll
Event: 0.197 Loaded shared library C:\Users\vinay\.jdks\openjdk-25.0.1\bin\zip.dll
Event: 0.311 Loaded shared library C:\Users\vinay\.jdks\openjdk-25.0.1\bin\extnet.dll
Event: 0.333 Loaded shared library C:\Users\vinay\.jdks\openjdk-25.0.1\bin\jimage.dll
Event: 0.684 Loaded shared library C:\Users\vinay\.jdks\openjdk-25.0.1\bin\management.dll
Event: 0.686 Loaded shared library C:\Users\vinay\.jdks\openjdk-25.0.1\bin\management_ext.dll
Event: 1.535 Loaded shared library C:\Users\vinay\.jdks\openjdk-25.0.1\bin\sunmscapi.dll

Deoptimization events (20 events):
Event: 70337.087 Thread 0x0000016529325d10 DEOPT PACKING pc=0x000001650e986465 sp=0x0000005899bfdab0
Event: 70337.090 Thread 0x0000016529325d10 DEOPT UNPACKING pc=0x0000016515371702 sp=0x0000005899bfcf60 mode 0
Event: 79405.648 Thread 0x0000016529325d10 Uncommon trap: trap_request=0xffffffbe fr.pc=0x0000016515c03efc relative=0x0000000000000ffc
Event: 79405.649 Thread 0x0000016529325d10 Uncommon trap: reason=profile_predicate action=maybe_recompile pc=0x0000016515c03efc method=sun.security.ssl.SSLTransport.decode(Lsun/security/ssl/TransportContext;[Ljava/nio/ByteBuffer;II[Ljava/nio/ByteBuffer;II)Lsun/security/ssl/Plaintext; @ 178 c2
Event: 79405.649 Thread 0x0000016529325d10 DEOPT PACKING pc=0x0000016515c03efc sp=0x0000005899bfe690
Event: 79405.651 Thread 0x0000016529325d10 DEOPT UNPACKING pc=0x000001651543f582 sp=0x0000005899bfe658 mode 2
Event: 79405.677 Thread 0x0000016529325d10 Uncommon trap: trap_request=0xffffffbe fr.pc=0x0000016515c03efc relative=0x0000000000000ffc
Event: 79405.677 Thread 0x0000016529325d10 Uncommon trap: reason=profile_predicate action=maybe_recompile pc=0x0000016515c03efc method=sun.security.ssl.SSLTransport.decode(Lsun/security/ssl/TransportContext;[Ljava/nio/ByteBuffer;II[Ljava/nio/ByteBuffer;II)Lsun/security/ssl/Plaintext; @ 178 c2
Event: 79405.677 Thread 0x0000016529325d10 DEOPT PACKING pc=0x0000016515c03efc sp=0x0000005899bfe690
Event: 79405.677 Thread 0x0000016529325d10 DEOPT UNPACKING pc=0x000001651543f582 sp=0x0000005899bfe658 mode 2
Event: 79405.679 Thread 0x0000016529325d10 Uncommon trap: trap_request=0xffffffbe fr.pc=0x0000016515c03efc relative=0x0000000000000ffc
Event: 79405.679 Thread 0x0000016529325d10 Uncommon trap: reason=profile_predicate action=maybe_recompile pc=0x0000016515c03efc method=sun.security.ssl.SSLTransport.decode(Lsun/security/ssl/TransportContext;[Ljava/nio/ByteBuffer;II[Ljava/nio/ByteBuffer;II)Lsun/security/ssl/Plaintext; @ 178 c2
Event: 79405.679 Thread 0x0000016529325d10 DEOPT PACKING pc=0x0000016515c03efc sp=0x0000005899bfe690
Event: 79405.679 Thread 0x0000016529325d10 DEOPT UNPACKING pc=0x000001651543f582 sp=0x0000005899bfe658 mode 2
Event: 79405.680 Thread 0x0000016529325d10 Uncommon trap: trap_request=0xffffffbe fr.pc=0x0000016515c03efc relative=0x0000000000000ffc
Event: 79405.680 Thread 0x0000016529325d10 Uncommon trap: reason=profile_predicate action=maybe_recompile pc=0x0000016515c03efc method=sun.security.ssl.SSLTransport.decode(Lsun/security/ssl/TransportContext;[Ljava/nio/ByteBuffer;II[Ljava/nio/ByteBuffer;II)Lsun/security/ssl/Plaintext; @ 178 c2
Event: 79405.681 Thread 0x0000016529325d10 DEOPT PACKING pc=0x0000016515c03efc sp=0x0000005899bfe690
Event: 79405.681 Thread 0x0000016529325d10 DEOPT UNPACKING pc=0x000001651543f582 sp=0x0000005899bfe658 mode 2
Event: 93465.441 Thread 0x000001652739c580 DEOPT PACKING pc=0x000001650e13cc8e sp=0x000000589beff550
Event: 93465.485 Thread 0x000001652739c580 DEOPT UNPACKING pc=0x0000016515371702 sp=0x000000589befeac8 mode 0

Classes loaded (20 events):
Event: 37.786 Loading class java/util/stream/LongStream
Event: 37.787 Loading class java/util/stream/LongStream done
Event: 37.787 Loading class java/util/stream/DoubleStream
Event: 37.787 Loading class java/util/stream/DoubleStream done
Event: 37.793 Loading class org/w3c/dom/Node
Event: 37.793 Loading class org/w3c/dom/Node done
Event: 37.793 Loading class org/w3c/dom/Document
Event: 37.794 Loading class org/w3c/dom/Document done
Event: 37.859 Loading class jdk/internal/util/DateTimeHelper
Event: 37.860 Loading class jdk/internal/util/DateTimeHelper done
Event: 1414.160 Loading class sun/security/ssl/Alert
Event: 1414.227 Loading class sun/security/ssl/Alert done
Event: 1414.248 Loading class sun/security/ssl/Alert$AlertConsumer
Event: 1414.269 Loading class sun/security/ssl/Alert$AlertConsumer done
Event: 1414.269 Loading class sun/security/ssl/Alert$Level
Event: 1414.273 Loading class sun/security/ssl/Alert$Level done
Event: 1414.304 Loading class sun/net/ConnectionResetException
Event: 1414.305 Loading class sun/net/ConnectionResetException done
Event: 3015.226 Loading class java/util/concurrent/locks/AbstractQueuedLongSynchronizer$Node
Event: 3015.251 Loading class java/util/concurrent/locks/AbstractQueuedLongSynchronizer$Node done

Classes unloaded (20 events):
Event: 18118.424 Thread 0x0000016521e2f3a0 Unloading class 0x0000000033110400 'java/lang/invoke/LambdaForm$MH+0x0000000033110400'
Event: 18118.424 Thread 0x0000016521e2f3a0 Unloading class 0x0000000033110000 'java/lang/invoke/LambdaForm$MH+0x0000000033110000'
Event: 18118.425 Thread 0x0000016521e2f3a0 Unloading class 0x00000000330bd400 'java/lang/invoke/LambdaForm$MH+0x00000000330bd400'
Event: 18118.425 Thread 0x0000016521e2f3a0 Unloading class 0x00000000330bd000 'java/lang/invoke/LambdaForm$MH+0x00000000330bd000'
Event: 18118.425 Thread 0x0000016521e2f3a0 Unloading class 0x00000000330ac000 'java/lang/invoke/LambdaForm$DMH+0x00000000330ac000'
Event: 18118.425 Thread 0x0000016521e2f3a0 Unloading class 0x0000000033088800 'java/lang/invoke/LambdaForm$MH+0x0000000033088800'
Event: 18118.425 Thread 0x0000016521e2f3a0 Unloading class 0x0000000033088400 'java/lang/invoke/LambdaForm$MH+0x0000000033088400'
Event: 18118.426 Thread 0x0000016521e2f3a0 Unloading class 0x0000000033088000 'java/lang/invoke/LambdaForm$MH+0x0000000033088000'
Event: 18118.426 Thread 0x0000016521e2f3a0 Unloading class 0x0000000033080800 'java/lang/invoke/LambdaForm$MH+0x0000000033080800'
Event: 18118.426 Thread 0x0000016521e2f3a0 Unloading class 0x0000000033060c00 'java/lang/invoke/LambdaForm$BMH+0x0000000033060c00'
Event: 18118.427 Thread 0x0000016521e2f3a0 Unloading class 0x0000000033042000 'java/lang/invoke/LambdaForm$MH+0x0000000033042000'
Event: 18118.427 Thread 0x0000016521e2f3a0 Unloading class 0x0000000033041c00 'java/lang/invoke/LambdaForm$MH+0x0000000033041c00'
Event: 18118.427 Thread 0x0000016521e2f3a0 Unloading class 0x0000000033041800 'java/lang/invoke/LambdaForm$MH+0x0000000033041800'
Event: 18118.427 Thread 0x0000016521e2f3a0 Unloading class 0x0000000033041000 'java/lang/invoke/LambdaForm$MH+0x0000000033041000'
Event: 53852.033 Thread 0x0000016521e2f3a0 Unloading class 0x0000000033570400 'java/lang/invoke/LambdaForm$MH+0x0000000033570400'
Event: 69092.181 Thread 0x0000016521e2f3a0 Unloading class 0x00000000337b0000 'java/lang/invoke/LambdaForm$MH+0x00000000337b0000'
Event: 69092.182 Thread 0x0000016521e2f3a0 Unloading class 0x0000000033570400 'java/lang/invoke/LambdaForm$MH+0x0000000033570400'
Event: 69092.182 Thread 0x0000016521e2f3a0 Unloading class 0x00000000337b1400 'java/lang/invoke/LambdaForm$MH+0x00000000337b1400'
Event: 69092.182 Thread 0x0000016521e2f3a0 Unloading class 0x000000003391d000 'java/lang/invoke/LambdaForm$BMH+0x000000003391d000'
Event: 69092.182 Thread 0x0000016521e2f3a0 Unloading class 0x000000003391c400 'java/lang/invoke/LambdaForm$BMH+0x000000003391c400'

Classes redefined (0 events):
No events

Internal exceptions (20 events):
Event: 81142.797 Thread 0x0000016529322660 Exception <a 'java/net/SocketException'{0x00000000a5903638}: Connection reset by peer: shutdown> (0x00000000a5903638) 
thrown [s\open\src\hotspot\share\prims\jni.cpp, line 534]
Event: 81540.008 Thread 0x00000165293245a0 Exception <a 'java/net/SocketException'{0x00000000a5386b48}: Connection reset by peer: shutdown> (0x00000000a5386b48) 
thrown [s\open\src\hotspot\share\prims\jni.cpp, line 534]
Event: 81763.792 Thread 0x0000016529322660 Exception <a 'java/io/IOException'{0x00000000a4f02118}> (0x00000000a4f02118) 
thrown [s\open\src\hotspot\share\prims\jni.cpp, line 516]
Event: 81763.822 Thread 0x0000016529322660 Exception <a 'java/io/IOException'{0x00000000a4f02d80}> (0x00000000a4f02d80) 
thrown [s\open\src\hotspot\share\prims\jni.cpp, line 516]
Event: 81933.866 Thread 0x0000016529322660 Exception <a 'java/io/IOException'{0x00000000a4901348}> (0x00000000a4901348) 
thrown [s\open\src\hotspot\share\prims\jni.cpp, line 516]
Event: 81933.888 Thread 0x0000016529322660 Exception <a 'java/io/IOException'{0x00000000a4901fb0}> (0x00000000a4901fb0) 
thrown [s\open\src\hotspot\share\prims\jni.cpp, line 516]
Event: 82500.195 Thread 0x0000016529322660 Exception <a 'java/net/SocketException'{0x00000000a6204838}: Connection reset by peer: shutdown> (0x00000000a6204838) 
thrown [s\open\src\hotspot\share\prims\jni.cpp, line 534]
Event: 83276.900 Thread 0x0000016529322e30 Exception <a 'java/io/IOException'{0x00000000a5601f90}> (0x00000000a5601f90) 
thrown [s\open\src\hotspot\share\prims\jni.cpp, line 516]
Event: 83276.939 Thread 0x0000016529322e30 Exception <a 'java/io/IOException'{0x00000000a5602f00}> (0x00000000a5602f00) 
thrown [s\open\src\hotspot\share\prims\jni.cpp, line 516]
Event: 83415.607 Thread 0x0000016529325540 Exception <a 'java/io/IOException'{0x00000000a548a988}> (0x00000000a548a988) 
thrown [s\open\src\hotspot\share\prims\jni.cpp, line 516]
Event: 83923.382 Thread 0x0000016529325540 Exception <a 'java/io/IOException'{0x00000000ffd01dc0}> (0x00000000ffd01dc0) 
thrown [s\open\src\hotspot\share\prims\jni.cpp, line 516]
Event: 83923.396 Thread 0x0000016529325540 Exception <a 'java/io/IOException'{0x00000000ffd02d30}> (0x00000000ffd02d30) 
thrown [s\open\src\hotspot\share\prims\jni.cpp, line 516]
Event: 84692.296 Thread 0x0000016527ac1640 Exception <a 'java/net/SocketException'{0x00000000a5e07a88}: Connection reset by peer: shutdown> (0x00000000a5e07a88) 
thrown [s\open\src\hotspot\share\prims\jni.cpp, line 534]
Event: 85200.668 Thread 0x0000016527abf700 Exception <a 'java/net/SocketException'{0x00000000a5503bd8}: Connection reset by peer: shutdown> (0x00000000a5503bd8) 
thrown [s\open\src\hotspot\share\prims\jni.cpp, line 534]
Event: 85464.622 Thread 0x0000016527ac1640 Exception <a 'java/net/SocketException'{0x00000000a5186a20}: Connection reset by peer: shutdown> (0x00000000a5186a20) 
thrown [s\open\src\hotspot\share\prims\jni.cpp, line 534]
Event: 86210.416 Thread 0x0000016527ac1640 Exception <a 'java/io/IOException'{0x00000000a668a870}> (0x00000000a668a870) 
thrown [s\open\src\hotspot\share\prims\jni.cpp, line 516]
Event: 86210.444 Thread 0x0000016527ac1640 Exception <a 'java/io/IOException'{0x00000000a668b7e0}> (0x00000000a668b7e0) 
thrown [s\open\src\hotspot\share\prims\jni.cpp, line 516]
Event: 93467.180 Thread 0x0000016527ac3d50 Exception <a 'java/io/IOException'{0x00000000a588d310}> (0x00000000a588d310) 
thrown [s\open\src\hotspot\share\prims\jni.cpp, line 516]
Event: 93467.537 Thread 0x0000016527abfed0 Exception <a 'java/io/IOException'{0x00000000a5895790}> (0x00000000a5895790) 
thrown [s\open\src\hotspot\share\prims\jni.cpp, line 516]
Event: 93467.718 Thread 0x0000016527abfed0 Exception <a 'java/io/IOException'{0x00000000a58963f8}> (0x00000000a58963f8) 
thrown [s\open\src\hotspot\share\prims\jni.cpp, line 516]

VM Operations (20 events):
Event: 76235.875 Executing safepoint VM operation: G1CollectForAllocation (G1 Evacuation Pause)
Event: 76235.966 Executing safepoint VM operation: G1CollectForAllocation (G1 Evacuation Pause) done
Event: 78134.929 Executing safepoint VM operation: G1CollectForAllocation (G1 Evacuation Pause)
Event: 78135.099 Executing safepoint VM operation: G1CollectForAllocation (G1 Evacuation Pause) done
Event: 80076.121 Executing safepoint VM operation: G1CollectForAllocation (G1 Evacuation Pause)
Event: 80076.265 Executing safepoint VM operation: G1CollectForAllocation (G1 Evacuation Pause) done
Event: 80076.760 Executing safepoint VM operation: G1PauseRemark
Event: 80077.031 Executing safepoint VM operation: G1PauseRemark done
Event: 80077.039 Executing safepoint VM operation: G1PauseCleanup
Event: 80077.039 Executing safepoint VM operation: G1PauseCleanup done
Event: 81983.415 Executing safepoint VM operation: G1CollectForAllocation (G1 Evacuation Pause)
Event: 81983.482 Executing safepoint VM operation: G1CollectForAllocation (G1 Evacuation Pause) done
Event: 83885.971 Executing safepoint VM operation: G1CollectForAllocation (G1 Evacuation Pause)
Event: 83886.057 Executing safepoint VM operation: G1CollectForAllocation (G1 Evacuation Pause) done
Event: 85762.325 Executing safepoint VM operation: G1CollectForAllocation (G1 Evacuation Pause)
Event: 85762.375 Executing safepoint VM operation: G1CollectForAllocation (G1 Evacuation Pause) done
Event: 85762.620 Executing safepoint VM operation: G1PauseRemark
Event: 85762.671 Executing safepoint VM operation: G1PauseRemark done
Event: 85762.679 Executing safepoint VM operation: G1PauseCleanup
Event: 85762.679 Executing safepoint VM operation: G1PauseCleanup done

Memory protections (0 events):
No events

Nmethod flushes (20 events):
Event: 85762.663 Thread 0x0000016521e2f3a0 flushing  nmethod 0x000001650e1d4588
Event: 85762.663 Thread 0x0000016521e2f3a0 flushing  nmethod 0x000001650e634908
Event: 85762.663 Thread 0x0000016521e2f3a0 flushing  nmethod 0x000001650e700688
Event: 85762.663 Thread 0x0000016521e2f3a0 flushing  nmethod 0x000001650e709f08
Event: 85762.663 Thread 0x0000016521e2f3a0 flushing  nmethod 0x000001650e71cd08
Event: 85762.663 Thread 0x0000016521e2f3a0 flushing  nmethod 0x000001650e71e208
Event: 85762.663 Thread 0x0000016521e2f3a0 flushing  nmethod 0x000001650e71e988
Event: 85762.663 Thread 0x0000016521e2f3a0 flushing  nmethod 0x000001650e723c88
Event: 85762.664 Thread 0x0000016521e2f3a0 flushing  nmethod 0x000001650e725c08
Event: 85762.664 Thread 0x0000016521e2f3a0 flushing  nmethod 0x000001650e728808
Event: 85762.664 Thread 0x0000016521e2f3a0 flushing  nmethod 0x000001650de41a88
Event: 85762.664 Thread 0x0000016521e2f3a0 flushing  nmethod 0x000001650de50088
Event: 85762.665 Thread 0x0000016521e2f3a0 flushing  nmethod 0x000001650dff6a08
Event: 85762.665 Thread 0x0000016521e2f3a0 flushing  nmethod 0x000001650e02cc08
Event: 85762.665 Thread 0x0000016521e2f3a0 flushing  nmethod 0x000001650e0bc388
Event: 85762.665 Thread 0x0000016521e2f3a0 flushing  nmethod 0x000001650e6b5c88
Event: 85762.665 Thread 0x0000016521e2f3a0 flushing  nmethod 0x000001650e92aa08
Event: 85762.666 Thread 0x0000016521e2f3a0 flushing  nmethod 0x000001650e3e9d08
Event: 85762.666 Thread 0x0000016521e2f3a0 flushing  nmethod 0x000001650df5af08
Event: 85762.666 Thread 0x0000016521e2f3a0 flushing  nmethod 0x000001650df6e988

Events (20 events):
Event: 86375.457 Thread 0x0000016527abf700 Thread exited: 0x0000016527abf700
Event: 86375.520 Thread 0x0000016527ac1640 Thread exited: 0x0000016527ac1640
Event: 86517.093 Thread 0x0000016527ac3d50 Thread added: 0x0000016527abfed0
Event: 86517.096 Thread 0x0000016527abfed0 Thread added: 0x0000016527ac1640
Event: 86522.097 Thread 0x0000016527abfed0 Thread exited: 0x0000016527abfed0
Event: 86522.145 Thread 0x0000016527ac1640 Thread exited: 0x0000016527ac1640
Event: 86563.086 Thread 0x0000016527ac3d50 Thread added: 0x0000016527abfed0
Event: 86563.089 Thread 0x0000016527abfed0 Thread added: 0x0000016527abf700
Event: 86568.090 Thread 0x0000016527abfed0 Thread exited: 0x0000016527abfed0
Event: 86568.138 Thread 0x0000016527abf700 Thread exited: 0x0000016527abf700
Event: 86691.701 Thread 0x0000016527ac3d50 Thread added: 0x0000016527abf700
Event: 86691.706 Thread 0x0000016527abf700 Thread added: 0x0000016527ac1640
Event: 86696.706 Thread 0x0000016527abf700 Thread exited: 0x0000016527abf700
Event: 86696.764 Thread 0x0000016527ac1640 Thread exited: 0x0000016527ac1640
Event: 86887.457 Thread 0x0000016527ac3d50 Thread added: 0x0000016527abf700
Event: 86887.460 Thread 0x0000016527abf700 Thread added: 0x0000016527ac1640
Event: 86892.461 Thread 0x0000016527abf700 Thread exited: 0x0000016527abf700
Event: 86892.515 Thread 0x0000016527ac1640 Thread exited: 0x0000016527ac1640
Event: 93467.223 Thread 0x0000016527ac3d50 Thread added: 0x0000016527abfed0
Event: 93468.326 Thread 0x0000016527abfed0 Thread added: 0x0000016527abf700


Dynamic libraries:
0x00007ff76a680000 - 0x00007ff76a68e000 	C:\Users\vinay\.jdks\openjdk-25.0.1\bin\java.exe
0x00007ffc58a40000 - 0x00007ffc58ca7000 	C:\WINDOWS\SYSTEM32\ntdll.dll
0x00007ffc57b10000 - 0x00007ffc57bd9000 	C:\WINDOWS\System32\KERNEL32.DLL
0x00007ffc56070000 - 0x00007ffc5645f000 	C:\WINDOWS\System32\KERNELBASE.dll
0x00007ffc55c40000 - 0x00007ffc55d8b000 	C:\WINDOWS\System32\ucrtbase.dll
0x00007ffc4d420000 - 0x00007ffc4d437000 	C:\Users\vinay\.jdks\openjdk-25.0.1\bin\jli.dll
0x00007ffc4d320000 - 0x00007ffc4d33e000 	C:\Users\vinay\.jdks\openjdk-25.0.1\bin\VCRUNTIME140.dll
0x00007ffc57d60000 - 0x00007ffc57f25000 	C:\WINDOWS\System32\USER32.dll
0x00007ffc56040000 - 0x00007ffc56067000 	C:\WINDOWS\System32\win32u.dll
0x00007ffc42790000 - 0x00007ffc42a23000 	C:\WINDOWS\WinSxS\amd64_microsoft.windows.common-controls_6595b64144ccf1df_6.0.26100.7309_none_3e05feeae336a044\COMCTL32.dll
0x00007ffc580b0000 - 0x00007ffc580db000 	C:\WINDOWS\System32\GDI32.dll
0x00007ffc57ff0000 - 0x00007ffc58099000 	C:\WINDOWS\System32\msvcrt.dll
0x00007ffc566b0000 - 0x00007ffc567dc000 	C:\WINDOWS\System32\gdi32full.dll
0x00007ffc55b90000 - 0x00007ffc55c33000 	C:\WINDOWS\System32\msvcp_win.dll
0x00007ffc57be0000 - 0x00007ffc57c11000 	C:\WINDOWS\System32\IMM32.DLL
0x00007ffc52570000 - 0x00007ffc5257c000 	C:\Users\vinay\.jdks\openjdk-25.0.1\bin\vcruntime140_1.dll
0x00007ffc4d120000 - 0x00007ffc4d1ad000 	C:\Users\vinay\.jdks\openjdk-25.0.1\bin\msvcp140.dll
0x00007ffbe8040000 - 0x00007ffbe8e9f000 	C:\Users\vinay\.jdks\openjdk-25.0.1\bin\server\jvm.dll
0x00007ffc57050000 - 0x00007ffc57104000 	C:\WINDOWS\System32\ADVAPI32.dll
0x00007ffc57510000 - 0x00007ffc575b6000 	C:\WINDOWS\System32\sechost.dll
0x00007ffc58430000 - 0x00007ffc58548000 	C:\WINDOWS\System32\RPCRT4.dll
0x00007ffc57a90000 - 0x00007ffc57b04000 	C:\WINDOWS\System32\WS2_32.dll
0x00007ffc4c0c0000 - 0x00007ffc4c0cb000 	C:\WINDOWS\SYSTEM32\VERSION.dll
0x00007ffc4c080000 - 0x00007ffc4c0b5000 	C:\WINDOWS\SYSTEM32\WINMM.dll
0x00007ffc559f0000 - 0x00007ffc55a4e000 	C:\WINDOWS\SYSTEM32\POWRPROF.dll
0x00007ffc559d0000 - 0x00007ffc559e4000 	C:\WINDOWS\SYSTEM32\UMPDC.dll
0x00007ffc54940000 - 0x00007ffc5495b000 	C:\WINDOWS\SYSTEM32\kernel.appcore.dll
0x00007ffc50700000 - 0x00007ffc5070a000 	C:\Users\vinay\.jdks\openjdk-25.0.1\bin\jimage.dll
0x00007ffc534c0000 - 0x00007ffc53702000 	C:\WINDOWS\SYSTEM32\DBGHELP.DLL
0x00007ffc57180000 - 0x00007ffc57505000 	C:\WINDOWS\System32\combase.dll
0x00007ffc57c20000 - 0x00007ffc57cf6000 	C:\WINDOWS\System32\OLEAUT32.dll
0x00007ffc424f0000 - 0x00007ffc4252c000 	C:\WINDOWS\SYSTEM32\dbgcore.DLL
0x00007ffc55d90000 - 0x00007ffc55e35000 	C:\WINDOWS\System32\bcryptPrimitives.dll
0x00007ffc4d410000 - 0x00007ffc4d420000 	C:\Users\vinay\.jdks\openjdk-25.0.1\bin\instrument.dll
0x00007ffc4d2e0000 - 0x00007ffc4d2ff000 	C:\Users\vinay\.jdks\openjdk-25.0.1\bin\java.dll
0x00007ffc58290000 - 0x00007ffc58427000 	C:\WINDOWS\System32\ole32.dll
0x00007ffc568f0000 - 0x00007ffc57043000 	C:\WINDOWS\System32\SHELL32.dll
0x00007ffc55e40000 - 0x00007ffc55faa000 	C:\WINDOWS\System32\wintypes.dll
0x00007ffc53780000 - 0x00007ffc53fde000 	C:\WINDOWS\SYSTEM32\windows.storage.dll
0x00007ffc57640000 - 0x00007ffc57735000 	C:\WINDOWS\System32\SHCORE.dll
0x00007ffc56880000 - 0x00007ffc568e6000 	C:\WINDOWS\System32\shlwapi.dll
0x00007ffc55ab0000 - 0x00007ffc55ad9000 	C:\WINDOWS\SYSTEM32\profapi.dll
0x00007ffc4d1e0000 - 0x00007ffc4d1f7000 	C:\Users\vinay\.jdks\openjdk-25.0.1\bin\zip.dll
0x00007ffc4d270000 - 0x00007ffc4d282000 	C:\Users\vinay\.jdks\openjdk-25.0.1\bin\net.dll
0x00007ffc54eb0000 - 0x00007ffc54f1b000 	C:\WINDOWS\system32\mswsock.dll
0x00007ffc4d230000 - 0x00007ffc4d246000 	C:\Users\vinay\.jdks\openjdk-25.0.1\bin\nio.dll
0x00007ffc4d1d0000 - 0x00007ffc4d1d9000 	C:\Users\vinay\.jdks\openjdk-25.0.1\bin\extnet.dll
0x00007ffc4d100000 - 0x00007ffc4d10a000 	C:\Users\vinay\.jdks\openjdk-25.0.1\bin\management.dll
0x00007ffc4cfe0000 - 0x00007ffc4cfec000 	C:\Users\vinay\.jdks\openjdk-25.0.1\bin\management_ext.dll
0x00007ffc58550000 - 0x00007ffc58558000 	C:\WINDOWS\System32\PSAPI.DLL
0x00007ffc4d110000 - 0x00007ffc4d11e000 	C:\Users\vinay\.jdks\openjdk-25.0.1\bin\sunmscapi.dll
0x00007ffc56470000 - 0x00007ffc565e7000 	C:\WINDOWS\System32\CRYPT32.dll
0x00007ffc55390000 - 0x00007ffc553c0000 	C:\WINDOWS\SYSTEM32\ncrypt.dll
0x00007ffc55340000 - 0x00007ffc5537f000 	C:\WINDOWS\SYSTEM32\NTASN1.dll
0x00007ffc55180000 - 0x00007ffc5519b000 	C:\WINDOWS\SYSTEM32\CRYPTSP.dll
0x00007ffc548a0000 - 0x00007ffc548da000 	C:\WINDOWS\system32\rsaenh.dll
0x00007ffc54f60000 - 0x00007ffc54f8b000 	C:\WINDOWS\SYSTEM32\USERENV.dll
0x00007ffc55a80000 - 0x00007ffc55aaa000 	C:\WINDOWS\SYSTEM32\bcrypt.dll
0x00007ffc55170000 - 0x00007ffc5517c000 	C:\WINDOWS\SYSTEM32\CRYPTBASE.dll
0x00007ffc54300000 - 0x00007ffc54334000 	C:\WINDOWS\SYSTEM32\IPHLPAPI.DLL
0x00007ffc580a0000 - 0x00007ffc580aa000 	C:\WINDOWS\System32\NSI.dll
0x00007ffc54390000 - 0x00007ffc544bc000 	C:\WINDOWS\SYSTEM32\DNSAPI.dll
0x00007ffc4cf60000 - 0x00007ffc4cf6b000 	C:\Windows\System32\rasadhlp.dll
0x00007ffc49c00000 - 0x00007ffc49c86000 	C:\WINDOWS\System32\fwpuclnt.dll
0x00007ffbaf860000 - 0x00007ffbaf868000 	C:\WINDOWS\system32\wshunix.dll

JVMTI agents:
C:\Program Files\JetBrains\IntelliJ IDEA Community Edition 2025.2.5\lib\idea_rt.jar path:C:\Users\vinay\.jdks\openjdk-25.0.1\bin\instrument.dll, loaded, initialized, instrumentlib options:51200

dbghelp: loaded successfully - version: 4.0.5 - missing functions: none
symbol engine: initialized successfully - sym options: 0x614 - pdb path: .;C:\Users\vinay\.jdks\openjdk-25.0.1\bin;C:\WINDOWS\SYSTEM32;C:\WINDOWS\WinSxS\amd64_microsoft.windows.common-controls_6595b64144ccf1df_6.0.26100.7309_none_3e05feeae336a044;C:\Users\vinay\.jdks\openjdk-25.0.1\bin\server

VM Arguments:
jvm_args: -javaagent:C:\Program Files\JetBrains\IntelliJ IDEA Community Edition 2025.2.5\lib\idea_rt.jar=51200 -Dfile.encoding=UTF-8 -Dsun.stdout.encoding=UTF-8 -Dsun.stderr.encoding=UTF-8 
java_command: com.vinay.employeeManagementSystem.EmployeeManagementSystemApplication
java_class_path (initial): C:\Users\vinay\Downloads\employeeManagementSystem\target\classes;C:\Users\vinay\.m2\repository\org\springframework\boot\spring-boot-starter-data-jpa\4.0.1\spring-boot-starter-data-jpa-4.0.1.jar;C:\Users\vinay\.m2\repository\org\springframework\boot\spring-boot-starter\4.0.1\spring-boot-starter-4.0.1.jar;C:\Users\vinay\.m2\repository\org\springframework\boot\spring-boot-starter-logging\4.0.1\spring-boot-starter-logging-4.0.1.jar;C:\Users\vinay\.m2\repository\ch\qos\logback\logback-classic\1.5.22\logback-classic-1.5.22.jar;C:\Users\vinay\.m2\repository\ch\qos\logback\logback-core\1.5.22\logback-core-1.5.22.jar;C:\Users\vinay\.m2\repository\org\apache\logging\log4j\log4j-to-slf4j\2.25.3\log4j-to-slf4j-2.25.3.jar;C:\Users\vinay\.m2\repository\org\apache\logging\log4j\log4j-api\2.25.3\log4j-api-2.25.3.jar;C:\Users\vinay\.m2\repository\org\slf4j\jul-to-slf4j\2.0.17\jul-to-slf4j-2.0.17.jar;C:\Users\vinay\.m2\repository\jakarta\annotation\jakarta.annotation-api\3.0.0\jakarta.annotation-api-3.0.0.jar;C:\Users\vinay\.m2\repository\org\yaml\snakeyaml\2.5\snakeyaml-2.5.jar;C:\Users\vinay\.m2\repository\org\springframework\boot\spring-boot-starter-jdbc\4.0.1\spring-boot-starter-jdbc-4.0.1.jar;C:\Users\vinay\.m2\repository\com\zaxxer\HikariCP\7.0.2\HikariCP-7.0.2.jar;C:\Users\vinay\.m2\repository\org\slf4j\slf4j-api\2.0.17\slf4j-api-2.0.17.jar;C:\Users\vinay\.m2\repository\org\springframework\boot\spring-boot-data-jpa\4.0.1\spring-boot-data-jpa-4.0.1.jar;C:\Users\vinay\.m2\repository\org\springframework\boot\spring-boot-data-commons\4.0.1\spring-boot-data-commons-4.0.1.jar;C:\Users\vinay\.m2\repository\org\springframework\boot\spring-boot-persistence\4.0.1\spring-boot-persistence-4.0.1.jar;C:\Users\vinay\.m2\repository\org\springframework\data\spring-data-commons\4.0.1\spring-data-commons-4.0.1.jar;C:\Users\vinay\.m2\repository\org\springframework\boot\spring-boot-hibernate\4.0.1\spring-boot-hibernate-4.0.1.jar;C:\Users\vinay\.m2\repository\org\springframework\boot\spring-boot-jpa\4.0.1\spring-boot-jpa-4.0.1.jar;C:\Users\vinay\.m2\repository\jakarta\persistence\jakarta.persistence-api\3.2.0\jakarta.persistence-api-3.2.0.jar;C:\Users\vinay\.m2\repository\org\hibernate\orm\hibernate-core\7.2.0.Final\hibernate-core-7.2.0.Final.jar;C:\Users\vinay\.m2\repository\jakarta\transaction\jakarta.transaction-api\2.0.1\jakarta.transaction-api-2.0.1.jar;C:\Users\vinay\.m2\repository\org\jboss\logging\jboss-logging\3.6.1.Final\jboss-logging-3.6.1.Final.jar;C:\Users\vinay\.m2\repository\org\hibernate\models\hibernate-models\1.0.1\hibernate-models-1.0.1.jar;C:\Users\vinay\.m2\repository\com\fasterxml\classmate\1.7.1\classmate-1.7.1.jar;C:\Users\vinay\.m2\repository\org\glassfish\jaxb\jaxb-runtime\4.0.6\jaxb-runtime-4.0.6.jar;C:\Users\vinay\.m2\repository\org\glassfish\jaxb\jaxb-core\4.0.6\jaxb-core-4.0.6.jar;C:\Users\vinay\.m2\repository\org\eclipse\angus\angus-activation\2.0.3\angus-activation-2.0.3.jar;C:\Users\vinay\.m2\repository\org\glassfish\jaxb\txw2\4.0.6\txw2-4.0.6.jar;C:\Users\vinay\.m2\repository\com\sun\istack\istack-commons-runtime\4.1.2\istack-commons-runtime-4.1.2.jar;C:\Users\vinay\.m2\repository\jakarta\inject\jakarta.inject-api\2.0.1\jakarta.inject-api-2.0.1.jar;C:\Users\vinay\.m2\repository\org\springframework\spring-orm\7.0.2\spring-orm-7.0.2.jar;C:\Users\vinay\.m2\repository\org\springframework\data\spring-data-jpa\4.0.1\spring-data-jpa-4.0.1.jar;C:\Users\vinay\.m2\repository\org\springframework\spring-tx\7.0.2\spring-tx-7.0.2.jar;C:\Users\vinay\.m2\repository\org\antlr\antlr4-runtime\4.13.2\antlr4-runtime-4.13.2.jar;C:\Users\vinay\.m2\repository\org\springframework\spring-aspects\7.0.2\spring-aspects-7.0.2.jar;C:\Users\vinay\.m2\repository\org\aspectj\aspectjweaver\1.9.25.1\aspectjweaver-1.9.25.1.jar;C:\Users\vinay\.m2\repository\org\springframework\boot\spring-boot-jdbc\4.0.1\spring-boot-jdbc-4.0.1.jar;C:\Users\vinay\.m2\repository\org\springframework\boot\spring-boot-sql\4.0.1\spring-boot-sql-4.0.1.jar;C:\Users\vinay\.m2\repository\org\springframework\boot\spring-boot-transaction\4.0.1\spring-boot-transaction-4.0.1.jar;C:\Users\vinay\.m2\repository\org\springframework\spring-jdbc\7.0.2\spring-jdbc-7.0.2.jar;C:\Users\vinay\.m2\repository\org\springframework\boot\spring-boot-starter-security\4.0.1\spring-boot-starter-security-4.0.1.jar;C:\Users\vinay\.m2\repository\org\springframework\boot\spring-boot-security\4.0.1\spring-boot-security-4.0.1.jar;C:\Users\vinay\.m2\repository\org\springframework\security\spring-security-config\7.0.2\spring-security-config-7.0.2.jar;C:\Users\vinay\.m2\repository\org\springframework\security\spring-security-core\7.0.2\spring-security-core-7.0.2.jar;C:\Users\vinay\.m2\repository\org\springframework\security\spring-security-crypto\7.0.2\spring-security-crypto-7.0.2.jar;C:\Users\vinay\.m2\repository\org\springframework\security\spring-security-web\7.0.2\spring-security-web-7.0.2.jar;C:\Users\vinay\.m2\repository\org\springframework\spring-expression\7.0.2\spring-expression-7.0.2.jar;C:\Users\vinay\.m2\repository\org\springframework\spring-aop\7.0.2\spring-aop-7.0.2.jar;C:\Users\vinay\.m2\repository\org\springframework\spring-beans\7.0.2\spring-beans-7.0.2.jar;C:\Users\vinay\.m2\repository\org\springframework\spring-core\7.0.2\spring-core-7.0.2.jar;C:\Users\vinay\.m2\repository\commons-logging\commons-logging\1.3.5\commons-logging-1.3.5.jar;C:\Users\vinay\.m2\repository\org\jspecify\jspecify\1.0.0\jspecify-1.0.0.jar;C:\Users\vinay\.m2\repository\org\springframework\boot\spring-boot-starter-webmvc\4.0.1\spring-boot-starter-webmvc-4.0.1.jar;C:\Users\vinay\.m2\repository\org\springframework\boot\spring-boot-starter-jackson\4.0.1\spring-boot-starter-jackson-4.0.1.jar;C:\Users\vinay\.m2\repository\org\springframework\boot\spring-boot-jackson\4.0.1\spring-boot-jackson-4.0.1.jar;C:\Users\vinay\.m2\repository\tools\jackson\core\jackson-databind\3.0.3\jackson-databind-3.0.3.jar;C:\Users\vinay\.m2\repository\com\fasterxml\jackson\core\jackson-annotations\2.20\jackson-annotations-2.20.jar;C:\Users\vinay\.m2\repository\tools\jackson\core\jackson-core\3.0.3\jackson-core-3.0.3.jar;C:\Users\vinay\.m2\repository\org\springframework\boot\spring-boot-starter-tomcat\4.0.1\spring-boot-starter-tomcat-4.0.1.jar;C:\Users\vinay\.m2\repository\org\springframework\boot\spring-boot-starter-tomcat-runtime\4.0.1\spring-boot-starter-tomcat-runtime-4.0.1.jar;C:\Users\vinay\.m2\repository\org\apache\tomcat\embed\tomcat-embed-core\11.0.15\tomcat-embed-core-11.0.15.jar;C:\Users\vinay\.m2\repository\org\apache\tomcat\embed\tomcat-embed-el\11.0.15\tomcat-embed-el-11.0.15.jar;C:\Users\vinay\.m2\repository\org\apache\tomcat\embed\tomcat-embed-websocket\11.0.15\tomcat-embed-websocket-11.0.15.jar;C:\Users\vinay\.m2\repository\org\springframework\boot\spring-boot-tomcat\4.0.1\spring-boot-tomcat-4.0.1.jar;C:\Users\vinay\.m2\repository\org\springframework\boot\spring-boot-http-converter\4.0.1\spring-boot-http-converter-4.0.1.jar;C:\Users\vinay\.m2\repository\org\springframework\spring-web\7.0.2\spring-web-7.0.2.jar;C:\Users\vinay\.m2\repository\io\micrometer\micrometer-observation\1.16.1\micrometer-observation-1.16.1.jar;C:\Users\vinay\.m2\repository\io\micrometer\micrometer-commons\1.16.1\micrometer-commons-1.16.1.jar;C:\Users\vinay\.m2\repository\org\springframework\boot\spring-boot-webmvc\4.0.1\spring-boot-webmvc-4.0.1.jar;C:\Users\vinay\.m2\repository\org\springframework\boot\spring-boot-servlet\4.0.1\spring-boot-servlet-4.0.1.jar;C:\Users\vinay\.m2\repository\org\springframework\spring-webmvc\7.0.2\spring-webmvc-7.0.2.jar;C:\Users\vinay\.m2\repository\org\springframework\boot\spring-boot-devtools\4.0.1\spring-boot-devtools-4.0.1.jar;C:\Users\vinay\.m2\repository\org\springframework\boot\spring-boot\4.0.1\spring-boot-4.0.1.jar;C:\Users\vinay\.m2\repository\org\springframework\spring-context\7.0.2\spring-context-7.0.2.jar;C:\Users\vinay\.m2\repository\org\springframework\boot\spring-boot-autoconfigure\4.0.1\spring-boot-autoconfigure-4.0.1.jar;C:\Users\vinay\.m2\repository\com\mysql\mysql-connector-j\9.5.0\mysql-connector-j-9.5.0.jar;C:\Users\vinay\.m2\repository\jakarta\xml\bind\jakarta.xml.bind-api\4.0.4\jakarta.xml.bind-api-4.0.4.jar;C:\Users\vinay\.m2\repository\jakarta\activation\jakarta.activation-api\2.1.4\jakarta.activation-api-2.1.4.jar;C:\Users\vinay\.m2\repository\net\bytebuddy\byte-buddy\1.17.8\byte-buddy-1.17.8.jar;C:\Users\vinay\.m2\repository\org\springframework\boot\spring-boot-web-server\4.0.1\spring-boot-web-server-4.0.1.jar
Launcher Type: SUN_STANDARD

[Global flags]
     intx CICompilerCount                          = 4                                         {product} {ergonomic}
     uint ConcGCThreads                            = 3                                         {product} {ergonomic}
     uint G1ConcRefinementThreads                  = 10                                        {product} {ergonomic}
   size_t G1HeapRegionSize                         = 1048576                                   {product} {ergonomic}
   size_t InitialHeapSize                          = 98566144                                  {product} {ergonomic}
   size_t MarkStackSize                            = 4194304                                   {product} {ergonomic}
   size_t MarkStackSizeMax                         = 536870912                                 {product} {ergonomic}
   size_t MaxHeapSize                              = 1570766848                                {product} {ergonomic}
   size_t MaxNewSize                               = 941621248                                 {product} {ergonomic}
   size_t MinHeapDeltaBytes                        = 1048576                                   {product} {ergonomic}
   size_t MinHeapSize                              = 8388608                                   {product} {ergonomic}
    uintx NonNMethodCodeHeapSize                   = 5832704                                {pd product} {ergonomic}
    uintx NonProfiledCodeHeapSize                  = 122945536                              {pd product} {ergonomic}
    uintx ProfiledCodeHeapSize                     = 122880000                              {pd product} {ergonomic}
    uintx ReservedCodeCacheSize                    = 251658240                              {pd product} {ergonomic}
     bool SegmentedCodeCache                       = true                                      {product} {ergonomic}
   size_t SoftMaxHeapSize                          = 1570766848                             {manageable} {ergonomic}
     bool UseCompressedOops                        = true                           {product lp64_product} {ergonomic}
     bool UseG1GC                                  = true                                      {product} {ergonomic}
     bool UseLargePagesIndividualAllocation        = false                                  {pd product} {ergonomic}

Logging:
Log output configuration:
 #0: stdout all=warning uptime,level,tags foldmultilines=false
 #1: stderr all=off uptime,level,tags foldmultilines=false

Release file:
IMPLEMENTOR="Oracle Corporation" 
JAVA_RUNTIME_VERSION="25.0.1+8-27" 
JAVA_VERSION="25.0.1" 
JAVA_VERSION_DATE="2025-10-21" 
LIBC="default" 
MODULES="java.base java.compiler java.datatransfer java.xml java.prefs java.desktop java.instrument java.logging java.management java.security.sasl java.naming java.rmi java.management.rmi java.net.http java.scripting java.security.jgss java.transaction.xa java.sql java.sql.rowset java.xml.crypto java.se java.smartcardio jdk.accessibility jdk.internal.jvmstat jdk.attach jdk.charsets jdk.internal.opt jdk.zipfs jdk.compiler jdk.crypto.cryptoki jdk.crypto.ec jdk.crypto.mscapi jdk.dynalink jdk.internal.ed jdk.editpad jdk.internal.vm.ci jdk.graal.compiler jdk.graal.compiler.management jdk.hotspot.agent jdk.httpserver jdk.incubator.vector jdk.internal.le jdk.internal.md jdk.jartool jdk.javadoc jdk.jcmd jdk.management jdk.management.agent jdk.jconsole jdk.jdeps jdk.jdwp.agent jdk.jdi jdk.jfr jdk.jlink jdk.jpackage jdk.jshell jdk.jsobject jdk.jstatd jdk.localedata jdk.management.jfr jdk.naming.dns jdk.naming.rmi jdk.net jdk.nio.mapmode jdk.sctp jdk.security.auth jdk.security.jgss jdk.unsupported jdk.unsupported.desktop jdk.xml.dom" 
OS_ARCH="x86_64" 
OS_NAME="Windows" 
SOURCE=".:git:78770bfaefd2" 

Environment Variables:
JAVA_HOME=C:\Program Files\Eclipse Adoptium\jdk-17.0.15.6-hotspot\
PATH=C:\Program Files\Common Files\Oracle\Java\javapath;C:\Program Files\Eclipse Adoptium\jdk-17.0.15.6-hotspot\bin;C:\xampp\php;C:\Program Files\Java\jdk-21\bin;C:\Program Files\nodejs\;C:\Program Files\Java\jdk-24\bin;C:\WINDOWS\system32;C:\WINDOWS;C:\WINDOWS\System32\Wbem;C:\WINDOWS\System32\WindowsPowerShell\v1.0\;C:\WINDOWS\System32\OpenSSH\;C:\apache-maven-3.9.11\bin;C:\Program Files\MySQL\MySQL Server 8.0\bin;C:\Program Files\Git\cmd;C:\Program Files\Docker\Docker\resources\bin;C:\Program Files\MySQL\MySQL Shell 8.0\bin\;C:\Users\vinay\anaconda3;C:\Users\vinay\anaconda3\Library\mingw-w64\bin;C:\Users\vinay\anaconda3\Library\usr\bin;C:\Users\vinay\anaconda3\Library\bin;C:\Users\vinay\anaconda3\Scripts;C:\Users\vinay\AppData\Local\Programs\Python\Python37\Scripts\;C:\Users\vinay\AppData\Local\Programs\Python\Python37\;C:\Users\vinay\Scripts\;C:\Users\vinay\;C:\Users\vinay\AppData\Local\Microsoft\WindowsApps;C:\Users\vinay\AppData\Local\GitHubDesktop\bin;C:\Users\vinay\AppData\Local\Programs\Microsoft VS Code\bin;C:\Program Files\Java\jdk-21\bin;C:\Users\vinay\AppData\Roaming\npm;C:\Program Files\Java\jdk-24\bin;C:\Program Files\JetBrains\IntelliJ IDEA Community Edition 2025.2.5\bin
USERNAME=vinay
OS=Windows_NT
PROCESSOR_IDENTIFIER=AMD64 Family 23 Model 104 Stepping 1, AuthenticAMD
TMP=C:\Users\vinay\AppData\Local\Temp
TEMP=C:\Users\vinay\AppData\Local\Temp




Compilation memory statistics disabled.

Periodic native trim disabled

---------------  S Y S T E M  ---------------

OS:
 Windows 11 , 64 bit Build 26100 (10.0.26100.7309)
OS uptime: 3 days 13:21 hours
Hyper-V role detected

CPU: total 12 (initial active 12) (12 cores per cpu, 2 threads per core) family 23 model 104 stepping 1 microcode 0x8608109, cx8, cmov, fxsr, ht, mmx, 3dnowpref, sse, sse2, sse3, ssse3, sse4a, sse4.1, sse4.2, popcnt, lzcnt, tsc, tscinvbit, avx, avx2, aes, clmul, bmi1, bmi2, adx, sha, fma, vzeroupper, clflush, clflushopt, clwb, hv, rdtscp, rdpid, f16c
Processor Information for the first 12 processors :
  Max Mhz: 2100, Current Mhz: 2100, Mhz Limit: 2100

Memory: 4k page, system-wide physical 5989M (101M free)
TotalPageFile size 24421M (AvailPageFile size 0M)
current process WorkingSet (physical memory assigned to process): 36M, peak: 282M
current process commit charge ("private bytes"): 313M, peak: 336M

vm_info: OpenJDK 64-Bit Server VM (25.0.1+8-27) for windows-amd64 JRE (25.0.1+8-27), built on 2025-09-25T16:41:16Z with unknown MS VC++:1943

END.
